TN:
SF:/var/home/robTheBob/gits/sec_proj/lib/openzeppelin-contracts-upgradeable/lib/openzeppelin-contracts/contracts/utils/Bytes.sol
DA:1,0
DA:11,0
end_of_record

SF:/var/home/robTheBob/gits/sec_proj/lib/openzeppelin-contracts-upgradeable/lib/openzeppelin-contracts/contracts/utils/Panic.sol
DA:26,0
end_of_record

SF:/var/home/robTheBob/gits/sec_proj/lib/openzeppelin-contracts-upgradeable/lib/openzeppelin-contracts/contracts/utils/Strings.sol
DA:14,0
DA:46,6
DA:48,10
DA:49,53
DA:50,1
DA:52,7
DA:54,7
DA:55,8
DA:57,7
DA:59,9
DA:60,4
DA:62,6
end_of_record

SF:/var/home/robTheBob/gits/sec_proj/lib/openzeppelin-contracts-upgradeable/lib/openzeppelin-contracts/contracts/utils/math/Math.sol
DA:12,0
DA:668,6
DA:669,4
DA:671,6
DA:672,0
DA:673,0
DA:675,6
DA:676,0
DA:677,0
DA:679,6
DA:680,0
DA:681,0
DA:683,6
DA:684,0
DA:685,0
DA:687,6
DA:688,0
DA:689,0
DA:691,6
DA:692,0
DA:693,0
DA:695,6
DA:696,0
DA:699,4
end_of_record

SF:/var/home/robTheBob/gits/sec_proj/lib/openzeppelin-contracts-upgradeable/lib/openzeppelin-contracts/contracts/utils/math/SafeCast.sol
DA:19,0
end_of_record

SF:/var/home/robTheBob/gits/sec_proj/lib/openzeppelin-contracts-upgradeable/lib/openzeppelin-contracts/contracts/utils/math/SignedMath.sol
DA:11,0
end_of_record

SF:/var/home/robTheBob/gits/sec_proj/src/ERC165.sol
DA:15,0
DA:16,1
DA:17,2
DA:19,8
DA:20,1
DA:21,1
DA:23,15
DA:24,15
DA:25,7
DA:28,15
DA:29,16
DA:30,7
DA:33,14
DA:34,15
DA:35,7
DA:37,0
DA:40,7
DA:43,2
DA:45,5
DA:47,2
DA:48,2
DA:49,3
DA:50,5
DA:52,3
DA:53,1
DA:54,1
DA:55,1
DA:56,1
DA:57,1
DA:58,1
DA:61,4
end_of_record

SF:/var/home/robTheBob/gits/sec_proj/src/Lottery.sol
DA:5,0
DA:18,0
DA:19,0
DA:20,0
DA:21,0
DA:22,0
DA:26,0
DA:27,0
DA:29,0
DA:31,0
DA:33,0
DA:37,0
DA:38,0
DA:39,0
DA:43,0
DA:44,0
DA:45,0
DA:46,0
DA:47,0
DA:51,0
DA:52,0
DA:53,0
DA:54,0
DA:55,0
DA:57,0
DA:58,0
DA:59,0
DA:60,0
DA:63,0
DA:64,0
end_of_record

SF:/var/home/robTheBob/gits/sec_proj/src/Taxpayer.sol
DA:34,120
DA:48,6
DA:61,32
DA:62,6
DA:63,21
DA:64,21
DA:65,21
DA:66,21
DA:67,6
DA:68,5
DA:69,5
DA:73,40
DA:74,25
DA:78,25
DA:80,13
DA:83,22
DA:85,24
DA:86,14
DA:87,13
DA:93,21
DA:94,87
DA:98,22
DA:100,13
DA:101,24
DA:102,10
DA:104,21
DA:105,87
DA:107,60
DA:109,68
DA:110,0
DA:114,8
DA:115,24
DA:116,24
DA:117,78
DA:118,21
DA:119,5
DA:120,5
DA:123,9
DA:124,24
DA:125,14
DA:126,21
DA:127,5
DA:128,5
DA:129,45
DA:134,24
DA:135,24
DA:136,14
DA:137,62
DA:139,15
DA:140,14
DA:141,117
DA:143,73
DA:144,0
DA:148,24
DA:149,4
DA:152,8
DA:153,18
DA:154,7
DA:155,0
DA:156,0
DA:160,22
DA:161,13
DA:162,20
DA:163,20
DA:165,82
DA:167,6
DA:170,25
DA:171,4
DA:178,18
DA:179,4
DA:180,87
DA:181,0
DA:184,18
DA:185,4
DA:186,59
DA:187,0
end_of_record

SF:/var/home/robTheBob/gits/sec_proj/test/testtaxpayer.sol
DA:6,65
DA:13,1
DA:15,7
DA:16,21
DA:17,81
DA:25,5
DA:26,62
DA:27,13
DA:30,68
DA:31,0
DA:35,8
DA:36,26
DA:37,21
DA:38,30
DA:42,3
DA:43,123
DA:44,0
DA:48,8
DA:49,26
DA:50,21
DA:51,30
DA:55,0
DA:56,0
DA:57,0
DA:58,0
DA:60,0
DA:63,0
DA:64,0
DA:65,0
DA:66,0
DA:69,0
end_of_record

