TN:
SF:/var/home/robTheBob/gits/sec_proj/lib/openzeppelin-contracts-upgradeable/lib/openzeppelin-contracts/contracts/utils/Bytes.sol
DA:1,0
DA:11,0
end_of_record

SF:/var/home/robTheBob/gits/sec_proj/lib/openzeppelin-contracts-upgradeable/lib/openzeppelin-contracts/contracts/utils/Panic.sol
DA:26,0
end_of_record

SF:/var/home/robTheBob/gits/sec_proj/lib/openzeppelin-contracts-upgradeable/lib/openzeppelin-contracts/contracts/utils/Strings.sol
DA:14,0
DA:46,0
DA:48,0
DA:49,0
DA:50,0
DA:52,0
DA:54,0
DA:55,0
DA:57,0
DA:59,0
DA:60,0
DA:62,0
end_of_record

SF:/var/home/robTheBob/gits/sec_proj/lib/openzeppelin-contracts-upgradeable/lib/openzeppelin-contracts/contracts/utils/math/Math.sol
DA:12,0
DA:668,0
DA:669,0
DA:671,0
DA:672,0
DA:673,0
DA:675,0
DA:676,0
DA:677,0
DA:679,0
DA:680,0
DA:681,0
DA:683,0
DA:684,0
DA:685,0
DA:687,0
DA:688,0
DA:689,0
DA:691,0
DA:692,0
DA:693,0
DA:695,0
DA:696,0
DA:699,0
end_of_record

SF:/var/home/robTheBob/gits/sec_proj/lib/openzeppelin-contracts-upgradeable/lib/openzeppelin-contracts/contracts/utils/math/SafeCast.sol
DA:19,0
end_of_record

SF:/var/home/robTheBob/gits/sec_proj/lib/openzeppelin-contracts-upgradeable/lib/openzeppelin-contracts/contracts/utils/math/SignedMath.sol
DA:11,0
end_of_record

SF:/var/home/robTheBob/gits/sec_proj/src/ERC165.sol
DA:15,0
DA:16,0
DA:17,0
DA:19,0
DA:20,0
DA:21,0
DA:23,0
DA:24,0
DA:25,0
DA:28,0
DA:29,0
DA:30,0
DA:33,0
DA:34,0
DA:35,0
DA:37,0
DA:40,0
DA:43,0
DA:45,0
DA:47,0
DA:48,0
DA:49,0
DA:50,0
DA:52,0
DA:53,0
DA:54,0
DA:55,0
DA:56,0
DA:57,0
DA:58,0
DA:61,0
end_of_record

SF:/var/home/robTheBob/gits/sec_proj/src/Lottery.sol
DA:5,0
DA:18,0
DA:19,0
DA:20,0
DA:21,0
DA:22,0
DA:26,0
DA:27,0
DA:29,0
DA:31,0
DA:33,0
DA:37,0
DA:38,0
DA:39,0
DA:43,0
DA:44,0
DA:45,0
DA:46,0
DA:47,0
DA:51,0
DA:52,0
DA:53,0
DA:54,0
DA:55,0
DA:57,0
DA:58,0
DA:59,0
DA:60,0
DA:63,0
DA:64,0
end_of_record

SF:/var/home/robTheBob/gits/sec_proj/src/Taxpayer.sol
DA:32,13
DA:46,1
DA:59,32
DA:60,6
DA:61,21
DA:62,21
DA:63,21
DA:64,21
DA:65,6
DA:66,5
DA:67,21
DA:70,0
DA:71,0
DA:75,0
DA:76,0
DA:77,0
DA:81,0
DA:82,0
DA:84,0
DA:85,0
DA:88,0
DA:89,0
DA:90,0
DA:94,0
DA:95,0
DA:96,0
DA:97,0
DA:100,0
DA:101,0
DA:104,0
DA:105,0
DA:106,0
DA:109,0
DA:110,0
DA:113,0
DA:114,0
DA:117,0
DA:118,0
DA:119,0
DA:120,0
DA:123,0
DA:124,0
DA:125,0
DA:126,0
end_of_record

SF:/var/home/robTheBob/gits/sec_proj/test/testtaxpayer.sol
DA:6,55
DA:10,1
DA:12,7
DA:13,21
DA:14,81
DA:20,0
DA:21,0
DA:22,0
DA:23,0
DA:28,0
DA:29,0
DA:36,0
DA:37,0
DA:38,0
DA:42,0
DA:43,0
DA:44,0
DA:46,0
end_of_record

