TN:
SF:/var/home/robTheBob/gits/sec_proj/lib/openzeppelin-contracts-upgradeable/lib/openzeppelin-contracts/contracts/utils/Bytes.sol
DA:1,0
DA:11,0
end_of_record

SF:/var/home/robTheBob/gits/sec_proj/lib/openzeppelin-contracts-upgradeable/lib/openzeppelin-contracts/contracts/utils/Panic.sol
DA:26,0
end_of_record

SF:/var/home/robTheBob/gits/sec_proj/lib/openzeppelin-contracts-upgradeable/lib/openzeppelin-contracts/contracts/utils/Strings.sol
DA:14,0
DA:46,6
DA:48,10
DA:49,53
DA:50,1
DA:52,7
DA:54,7
DA:55,8
DA:57,7
DA:59,9
DA:60,4
DA:62,6
end_of_record

SF:/var/home/robTheBob/gits/sec_proj/lib/openzeppelin-contracts-upgradeable/lib/openzeppelin-contracts/contracts/utils/math/Math.sol
DA:12,0
DA:668,6
DA:669,4
DA:671,6
DA:672,0
DA:673,0
DA:675,6
DA:676,0
DA:677,0
DA:679,6
DA:680,0
DA:681,0
DA:683,6
DA:684,0
DA:685,0
DA:687,6
DA:688,0
DA:689,0
DA:691,6
DA:692,0
DA:693,0
DA:695,6
DA:696,0
DA:699,4
end_of_record

SF:/var/home/robTheBob/gits/sec_proj/lib/openzeppelin-contracts-upgradeable/lib/openzeppelin-contracts/contracts/utils/math/SafeCast.sol
DA:19,0
end_of_record

SF:/var/home/robTheBob/gits/sec_proj/lib/openzeppelin-contracts-upgradeable/lib/openzeppelin-contracts/contracts/utils/math/SignedMath.sol
DA:11,0
end_of_record

SF:/var/home/robTheBob/gits/sec_proj/src/ERC165.sol
DA:15,0
DA:16,1
DA:17,2
DA:19,42
DA:20,1
DA:21,1
DA:23,15
DA:24,15
DA:25,7
DA:28,15
DA:29,16
DA:30,7
DA:33,14
DA:34,16
DA:35,0
DA:37,5
DA:40,7
DA:43,2
DA:45,5
DA:47,2
DA:48,2
DA:49,3
DA:50,5
DA:52,3
DA:53,1
DA:54,1
DA:55,1
DA:56,1
DA:57,1
DA:58,1
DA:61,4
end_of_record

SF:/var/home/robTheBob/gits/sec_proj/src/Lottery.sol
DA:5,0
DA:18,0
DA:19,0
DA:20,0
DA:21,0
DA:22,0
DA:26,0
DA:27,0
DA:29,0
DA:31,0
DA:33,0
DA:37,0
DA:38,0
DA:39,0
DA:43,0
DA:44,0
DA:45,0
DA:46,0
DA:47,0
DA:51,0
DA:52,0
DA:53,0
DA:54,0
DA:55,0
DA:57,0
DA:58,0
DA:59,0
DA:60,0
DA:63,0
DA:64,0
end_of_record

SF:/var/home/robTheBob/gits/sec_proj/src/Taxpayer.sol
DA:32,121
DA:46,1
DA:59,32
DA:60,6
DA:61,21
DA:62,21
DA:63,21
DA:64,21
DA:65,6
DA:66,5
DA:67,21
DA:70,40
DA:71,25
DA:75,25
DA:77,13
DA:80,18
DA:81,20
DA:82,14
DA:83,74
DA:84,0
DA:88,18
DA:89,6
DA:90,0
DA:92,0
DA:94,0
DA:95,0
DA:98,5
DA:99,6
DA:100,0
DA:105,18
DA:106,14
DA:107,14
DA:108,63
DA:111,8
DA:112,18
DA:115,18
DA:116,58
DA:117,0
DA:120,24
DA:121,4
DA:124,25
DA:125,12
DA:128,18
DA:129,4
DA:130,87
DA:131,0
DA:134,18
DA:135,4
DA:136,59
DA:137,0
end_of_record

SF:/var/home/robTheBob/gits/sec_proj/test/testtaxpayer.sol
DA:6,60
DA:13,1
DA:15,7
DA:16,21
DA:17,81
DA:24,4
DA:25,62
DA:26,12
DA:29,0
DA:30,0
DA:34,8
DA:35,26
DA:36,21
DA:37,30
DA:41,0
DA:42,0
DA:43,0
DA:44,0
DA:46,0
DA:49,0
DA:50,0
DA:51,0
DA:52,0
DA:55,0
end_of_record

